<?xml version="1.0" encoding="UTF-8"?>
<testsuite xmlns:xsi="http://www.w3.org/2001/XMLSchema-instance" xsi:noNamespaceSchemaLocation="https://maven.apache.org/surefire/maven-surefire-plugin/xsd/surefire-test-report-3.0.xsd" version="3.0" name="TestSuite" time="42.54" tests="2" errors="0" skipped="0" failures="0">
  <properties>
    <property name="gopherProxySet" value="false"/>
    <property name="awt.toolkit" value="sun.lwawt.macosx.LWCToolkit"/>
    <property name="java.specification.version" value="11"/>
    <property name="webdriver.chrome.driver" value="/Users/nikhar.trivedi/Downloads/chromedriver"/>
    <property name="sun.cpu.isalist" value=""/>
    <property name="sun.jnu.encoding" value="UTF-8"/>
    <property name="java.class.path" value="/Users/nikhar.trivedi/Downloads/ViaCom/target/test-classes:/Users/nikhar.trivedi/Downloads/ViaCom/target/classes:/Users/nikhar.trivedi/.m2/repository/org/seleniumhq/selenium/selenium-java/3.141.59/selenium-java-3.141.59.jar:/Users/nikhar.trivedi/.m2/repository/org/seleniumhq/selenium/selenium-api/3.141.59/selenium-api-3.141.59.jar:/Users/nikhar.trivedi/.m2/repository/org/seleniumhq/selenium/selenium-chrome-driver/3.141.59/selenium-chrome-driver-3.141.59.jar:/Users/nikhar.trivedi/.m2/repository/org/seleniumhq/selenium/selenium-edge-driver/3.141.59/selenium-edge-driver-3.141.59.jar:/Users/nikhar.trivedi/.m2/repository/org/seleniumhq/selenium/selenium-firefox-driver/3.141.59/selenium-firefox-driver-3.141.59.jar:/Users/nikhar.trivedi/.m2/repository/org/seleniumhq/selenium/selenium-ie-driver/3.141.59/selenium-ie-driver-3.141.59.jar:/Users/nikhar.trivedi/.m2/repository/org/seleniumhq/selenium/selenium-opera-driver/3.141.59/selenium-opera-driver-3.141.59.jar:/Users/nikhar.trivedi/.m2/repository/org/seleniumhq/selenium/selenium-remote-driver/3.141.59/selenium-remote-driver-3.141.59.jar:/Users/nikhar.trivedi/.m2/repository/org/seleniumhq/selenium/selenium-safari-driver/3.141.59/selenium-safari-driver-3.141.59.jar:/Users/nikhar.trivedi/.m2/repository/org/seleniumhq/selenium/selenium-support/3.141.59/selenium-support-3.141.59.jar:/Users/nikhar.trivedi/.m2/repository/net/bytebuddy/byte-buddy/1.8.15/byte-buddy-1.8.15.jar:/Users/nikhar.trivedi/.m2/repository/org/apache/commons/commons-exec/1.3/commons-exec-1.3.jar:/Users/nikhar.trivedi/.m2/repository/com/google/guava/guava/25.0-jre/guava-25.0-jre.jar:/Users/nikhar.trivedi/.m2/repository/com/google/code/findbugs/jsr305/1.3.9/jsr305-1.3.9.jar:/Users/nikhar.trivedi/.m2/repository/org/checkerframework/checker-compat-qual/2.0.0/checker-compat-qual-2.0.0.jar:/Users/nikhar.trivedi/.m2/repository/com/google/errorprone/error_prone_annotations/2.1.3/error_prone_annotations-2.1.3.jar:/Users/nikhar.trivedi/.m2/repository/com/google/j2objc/j2objc-annotations/1.1/j2objc-annotations-1.1.jar:/Users/nikhar.trivedi/.m2/repository/org/codehaus/mojo/animal-sniffer-annotations/1.14/animal-sniffer-annotations-1.14.jar:/Users/nikhar.trivedi/.m2/repository/com/squareup/okhttp3/okhttp/3.11.0/okhttp-3.11.0.jar:/Users/nikhar.trivedi/.m2/repository/com/squareup/okio/okio/1.14.0/okio-1.14.0.jar:/Users/nikhar.trivedi/.m2/repository/org/testng/testng/7.7.1/testng-7.7.1.jar:/Users/nikhar.trivedi/.m2/repository/org/slf4j/slf4j-api/1.7.36/slf4j-api-1.7.36.jar:/Users/nikhar.trivedi/.m2/repository/com/beust/jcommander/1.82/jcommander-1.82.jar:/Users/nikhar.trivedi/.m2/repository/org/webjars/jquery/3.6.1/jquery-3.6.1.jar:/Users/nikhar.trivedi/.m2/repository/org/apache/logging/log4j/log4j-core/2.23.0/log4j-core-2.23.0.jar:/Users/nikhar.trivedi/.m2/repository/org/apache/logging/log4j/log4j-api/2.23.0/log4j-api-2.23.0.jar:/Users/nikhar.trivedi/.m2/repository/com/codoid/products/fillo/1.21/fillo-1.21.jar:/Users/nikhar.trivedi/.m2/repository/commons-io/commons-io/2.15.1/commons-io-2.15.1.jar:/Users/nikhar.trivedi/.m2/repository/com/aventstack/extentreports/5.0.2/extentreports-5.0.2.jar:/Users/nikhar.trivedi/.m2/repository/io/reactivex/rxjava3/rxjava/3.0.4/rxjava-3.0.4.jar:/Users/nikhar.trivedi/.m2/repository/org/reactivestreams/reactive-streams/1.0.3/reactive-streams-1.0.3.jar:/Users/nikhar.trivedi/.m2/repository/org/freemarker/freemarker/2.3.30/freemarker-2.3.30.jar:/Users/nikhar.trivedi/.m2/repository/org/projectlombok/lombok/1.18.12/lombok-1.18.12.jar:/Users/nikhar.trivedi/.m2/repository/com/google/code/gson/gson/2.8.6/gson-2.8.6.jar:/Users/nikhar.trivedi/.m2/repository/io/appium/java-client/7.3.0/java-client-7.3.0.jar:/Users/nikhar.trivedi/.m2/repository/org/apache/httpcomponents/httpclient/4.5.9/httpclient-4.5.9.jar:/Users/nikhar.trivedi/.m2/repository/org/apache/httpcomponents/httpcore/4.4.11/httpcore-4.4.11.jar:/Users/nikhar.trivedi/.m2/repository/commons-logging/commons-logging/1.2/commons-logging-1.2.jar:/Users/nikhar.trivedi/.m2/repository/commons-codec/commons-codec/1.11/commons-codec-1.11.jar:/Users/nikhar.trivedi/.m2/repository/cglib/cglib/3.2.12/cglib-3.2.12.jar:/Users/nikhar.trivedi/.m2/repository/org/ow2/asm/asm/7.1/asm-7.1.jar:/Users/nikhar.trivedi/.m2/repository/commons-validator/commons-validator/1.6/commons-validator-1.6.jar:/Users/nikhar.trivedi/.m2/repository/commons-beanutils/commons-beanutils/1.9.2/commons-beanutils-1.9.2.jar:/Users/nikhar.trivedi/.m2/repository/commons-digester/commons-digester/1.8.1/commons-digester-1.8.1.jar:/Users/nikhar.trivedi/.m2/repository/commons-collections/commons-collections/3.2.2/commons-collections-3.2.2.jar:/Users/nikhar.trivedi/.m2/repository/org/apache/commons/commons-lang3/3.9/commons-lang3-3.9.jar:/Users/nikhar.trivedi/.m2/repository/org/springframework/spring-context/5.1.8.RELEASE/spring-context-5.1.8.RELEASE.jar:/Users/nikhar.trivedi/.m2/repository/org/springframework/spring-aop/5.1.8.RELEASE/spring-aop-5.1.8.RELEASE.jar:/Users/nikhar.trivedi/.m2/repository/org/springframework/spring-beans/5.1.8.RELEASE/spring-beans-5.1.8.RELEASE.jar:/Users/nikhar.trivedi/.m2/repository/org/springframework/spring-core/5.1.8.RELEASE/spring-core-5.1.8.RELEASE.jar:/Users/nikhar.trivedi/.m2/repository/org/springframework/spring-jcl/5.1.8.RELEASE/spring-jcl-5.1.8.RELEASE.jar:/Users/nikhar.trivedi/.m2/repository/org/springframework/spring-expression/5.1.8.RELEASE/spring-expression-5.1.8.RELEASE.jar:/Users/nikhar.trivedi/.m2/repository/org/aspectj/aspectjweaver/1.9.4/aspectjweaver-1.9.4.jar:/Users/nikhar.trivedi/.m2/repository/io/rest-assured/rest-assured/5.4.0/rest-assured-5.4.0.jar:/Users/nikhar.trivedi/.m2/repository/org/apache/groovy/groovy/4.0.16/groovy-4.0.16.jar:/Users/nikhar.trivedi/.m2/repository/org/apache/groovy/groovy-xml/4.0.16/groovy-xml-4.0.16.jar:/Users/nikhar.trivedi/.m2/repository/org/apache/httpcomponents/httpmime/4.5.13/httpmime-4.5.13.jar:/Users/nikhar.trivedi/.m2/repository/org/hamcrest/hamcrest/2.2/hamcrest-2.2.jar:/Users/nikhar.trivedi/.m2/repository/org/ccil/cowan/tagsoup/tagsoup/1.2.1/tagsoup-1.2.1.jar:/Users/nikhar.trivedi/.m2/repository/io/rest-assured/xml-path/5.4.0/xml-path-5.4.0.jar:/Users/nikhar.trivedi/.m2/repository/io/rest-assured/json-path/5.4.0/json-path-5.4.0.jar:/Users/nikhar.trivedi/.m2/repository/org/apache/groovy/groovy-json/4.0.16/groovy-json-4.0.16.jar:/Users/nikhar.trivedi/.m2/repository/io/rest-assured/rest-assured-common/5.4.0/rest-assured-common-5.4.0.jar:/Users/nikhar.trivedi/.m2/repository/org/json/json/20230618/json-20230618.jar:/Users/nikhar.trivedi/.m2/repository/com/fasterxml/jackson/core/jackson-databind/2.13.3/jackson-databind-2.13.3.jar:/Users/nikhar.trivedi/.m2/repository/com/fasterxml/jackson/core/jackson-annotations/2.13.3/jackson-annotations-2.13.3.jar:/Users/nikhar.trivedi/.m2/repository/com/fasterxml/jackson/core/jackson-core/2.13.3/jackson-core-2.13.3.jar:/Users/nikhar.trivedi/.m2/repository/commons-lang/commons-lang/2.6/commons-lang-2.6.jar:"/>
    <property name="java.vm.vendor" value="BellSoft"/>
    <property name="sun.arch.data.model" value="64"/>
    <property name="java.vendor.url" value="https://bell-sw.com/"/>
    <property name="user.timezone" value="Asia/Kolkata"/>
    <property name="java.vm.specification.version" value="11"/>
    <property name="os.name" value="Mac OS X"/>
    <property name="sun.java.launcher" value="SUN_STANDARD"/>
    <property name="user.country" value="IN"/>
    <property name="sun.boot.library.path" value="/Users/nikhar.trivedi/Library/Java/JavaVirtualMachines/liberica-11.0.16.1/lib"/>
    <property name="sun.java.command" value="/Users/nikhar.trivedi/Downloads/ViaCom/target/surefire/surefirebooter13710537109683834750.jar /Users/nikhar.trivedi/Downloads/ViaCom/target/surefire 2024-07-20T04-22-47_851-jvmRun1 surefire6130450621097365380tmp surefire_014553732396675666580tmp"/>
    <property name="http.nonProxyHosts" value="local|*.local|169.254/16|*.169.254/16"/>
    <property name="jdk.debug" value="release"/>
    <property name="surefire.test.class.path" value="/Users/nikhar.trivedi/Downloads/ViaCom/target/test-classes:/Users/nikhar.trivedi/Downloads/ViaCom/target/classes:/Users/nikhar.trivedi/.m2/repository/org/seleniumhq/selenium/selenium-java/3.141.59/selenium-java-3.141.59.jar:/Users/nikhar.trivedi/.m2/repository/org/seleniumhq/selenium/selenium-api/3.141.59/selenium-api-3.141.59.jar:/Users/nikhar.trivedi/.m2/repository/org/seleniumhq/selenium/selenium-chrome-driver/3.141.59/selenium-chrome-driver-3.141.59.jar:/Users/nikhar.trivedi/.m2/repository/org/seleniumhq/selenium/selenium-edge-driver/3.141.59/selenium-edge-driver-3.141.59.jar:/Users/nikhar.trivedi/.m2/repository/org/seleniumhq/selenium/selenium-firefox-driver/3.141.59/selenium-firefox-driver-3.141.59.jar:/Users/nikhar.trivedi/.m2/repository/org/seleniumhq/selenium/selenium-ie-driver/3.141.59/selenium-ie-driver-3.141.59.jar:/Users/nikhar.trivedi/.m2/repository/org/seleniumhq/selenium/selenium-opera-driver/3.141.59/selenium-opera-driver-3.141.59.jar:/Users/nikhar.trivedi/.m2/repository/org/seleniumhq/selenium/selenium-remote-driver/3.141.59/selenium-remote-driver-3.141.59.jar:/Users/nikhar.trivedi/.m2/repository/org/seleniumhq/selenium/selenium-safari-driver/3.141.59/selenium-safari-driver-3.141.59.jar:/Users/nikhar.trivedi/.m2/repository/org/seleniumhq/selenium/selenium-support/3.141.59/selenium-support-3.141.59.jar:/Users/nikhar.trivedi/.m2/repository/net/bytebuddy/byte-buddy/1.8.15/byte-buddy-1.8.15.jar:/Users/nikhar.trivedi/.m2/repository/org/apache/commons/commons-exec/1.3/commons-exec-1.3.jar:/Users/nikhar.trivedi/.m2/repository/com/google/guava/guava/25.0-jre/guava-25.0-jre.jar:/Users/nikhar.trivedi/.m2/repository/com/google/code/findbugs/jsr305/1.3.9/jsr305-1.3.9.jar:/Users/nikhar.trivedi/.m2/repository/org/checkerframework/checker-compat-qual/2.0.0/checker-compat-qual-2.0.0.jar:/Users/nikhar.trivedi/.m2/repository/com/google/errorprone/error_prone_annotations/2.1.3/error_prone_annotations-2.1.3.jar:/Users/nikhar.trivedi/.m2/repository/com/google/j2objc/j2objc-annotations/1.1/j2objc-annotations-1.1.jar:/Users/nikhar.trivedi/.m2/repository/org/codehaus/mojo/animal-sniffer-annotations/1.14/animal-sniffer-annotations-1.14.jar:/Users/nikhar.trivedi/.m2/repository/com/squareup/okhttp3/okhttp/3.11.0/okhttp-3.11.0.jar:/Users/nikhar.trivedi/.m2/repository/com/squareup/okio/okio/1.14.0/okio-1.14.0.jar:/Users/nikhar.trivedi/.m2/repository/org/testng/testng/7.7.1/testng-7.7.1.jar:/Users/nikhar.trivedi/.m2/repository/org/slf4j/slf4j-api/1.7.36/slf4j-api-1.7.36.jar:/Users/nikhar.trivedi/.m2/repository/com/beust/jcommander/1.82/jcommander-1.82.jar:/Users/nikhar.trivedi/.m2/repository/org/webjars/jquery/3.6.1/jquery-3.6.1.jar:/Users/nikhar.trivedi/.m2/repository/org/apache/logging/log4j/log4j-core/2.23.0/log4j-core-2.23.0.jar:/Users/nikhar.trivedi/.m2/repository/org/apache/logging/log4j/log4j-api/2.23.0/log4j-api-2.23.0.jar:/Users/nikhar.trivedi/.m2/repository/com/codoid/products/fillo/1.21/fillo-1.21.jar:/Users/nikhar.trivedi/.m2/repository/commons-io/commons-io/2.15.1/commons-io-2.15.1.jar:/Users/nikhar.trivedi/.m2/repository/com/aventstack/extentreports/5.0.2/extentreports-5.0.2.jar:/Users/nikhar.trivedi/.m2/repository/io/reactivex/rxjava3/rxjava/3.0.4/rxjava-3.0.4.jar:/Users/nikhar.trivedi/.m2/repository/org/reactivestreams/reactive-streams/1.0.3/reactive-streams-1.0.3.jar:/Users/nikhar.trivedi/.m2/repository/org/freemarker/freemarker/2.3.30/freemarker-2.3.30.jar:/Users/nikhar.trivedi/.m2/repository/org/projectlombok/lombok/1.18.12/lombok-1.18.12.jar:/Users/nikhar.trivedi/.m2/repository/com/google/code/gson/gson/2.8.6/gson-2.8.6.jar:/Users/nikhar.trivedi/.m2/repository/io/appium/java-client/7.3.0/java-client-7.3.0.jar:/Users/nikhar.trivedi/.m2/repository/org/apache/httpcomponents/httpclient/4.5.9/httpclient-4.5.9.jar:/Users/nikhar.trivedi/.m2/repository/org/apache/httpcomponents/httpcore/4.4.11/httpcore-4.4.11.jar:/Users/nikhar.trivedi/.m2/repository/commons-logging/commons-logging/1.2/commons-logging-1.2.jar:/Users/nikhar.trivedi/.m2/repository/commons-codec/commons-codec/1.11/commons-codec-1.11.jar:/Users/nikhar.trivedi/.m2/repository/cglib/cglib/3.2.12/cglib-3.2.12.jar:/Users/nikhar.trivedi/.m2/repository/org/ow2/asm/asm/7.1/asm-7.1.jar:/Users/nikhar.trivedi/.m2/repository/commons-validator/commons-validator/1.6/commons-validator-1.6.jar:/Users/nikhar.trivedi/.m2/repository/commons-beanutils/commons-beanutils/1.9.2/commons-beanutils-1.9.2.jar:/Users/nikhar.trivedi/.m2/repository/commons-digester/commons-digester/1.8.1/commons-digester-1.8.1.jar:/Users/nikhar.trivedi/.m2/repository/commons-collections/commons-collections/3.2.2/commons-collections-3.2.2.jar:/Users/nikhar.trivedi/.m2/repository/org/apache/commons/commons-lang3/3.9/commons-lang3-3.9.jar:/Users/nikhar.trivedi/.m2/repository/org/springframework/spring-context/5.1.8.RELEASE/spring-context-5.1.8.RELEASE.jar:/Users/nikhar.trivedi/.m2/repository/org/springframework/spring-aop/5.1.8.RELEASE/spring-aop-5.1.8.RELEASE.jar:/Users/nikhar.trivedi/.m2/repository/org/springframework/spring-beans/5.1.8.RELEASE/spring-beans-5.1.8.RELEASE.jar:/Users/nikhar.trivedi/.m2/repository/org/springframework/spring-core/5.1.8.RELEASE/spring-core-5.1.8.RELEASE.jar:/Users/nikhar.trivedi/.m2/repository/org/springframework/spring-jcl/5.1.8.RELEASE/spring-jcl-5.1.8.RELEASE.jar:/Users/nikhar.trivedi/.m2/repository/org/springframework/spring-expression/5.1.8.RELEASE/spring-expression-5.1.8.RELEASE.jar:/Users/nikhar.trivedi/.m2/repository/org/aspectj/aspectjweaver/1.9.4/aspectjweaver-1.9.4.jar:/Users/nikhar.trivedi/.m2/repository/io/rest-assured/rest-assured/5.4.0/rest-assured-5.4.0.jar:/Users/nikhar.trivedi/.m2/repository/org/apache/groovy/groovy/4.0.16/groovy-4.0.16.jar:/Users/nikhar.trivedi/.m2/repository/org/apache/groovy/groovy-xml/4.0.16/groovy-xml-4.0.16.jar:/Users/nikhar.trivedi/.m2/repository/org/apache/httpcomponents/httpmime/4.5.13/httpmime-4.5.13.jar:/Users/nikhar.trivedi/.m2/repository/org/hamcrest/hamcrest/2.2/hamcrest-2.2.jar:/Users/nikhar.trivedi/.m2/repository/org/ccil/cowan/tagsoup/tagsoup/1.2.1/tagsoup-1.2.1.jar:/Users/nikhar.trivedi/.m2/repository/io/rest-assured/xml-path/5.4.0/xml-path-5.4.0.jar:/Users/nikhar.trivedi/.m2/repository/io/rest-assured/json-path/5.4.0/json-path-5.4.0.jar:/Users/nikhar.trivedi/.m2/repository/org/apache/groovy/groovy-json/4.0.16/groovy-json-4.0.16.jar:/Users/nikhar.trivedi/.m2/repository/io/rest-assured/rest-assured-common/5.4.0/rest-assured-common-5.4.0.jar:/Users/nikhar.trivedi/.m2/repository/org/json/json/20230618/json-20230618.jar:/Users/nikhar.trivedi/.m2/repository/com/fasterxml/jackson/core/jackson-databind/2.13.3/jackson-databind-2.13.3.jar:/Users/nikhar.trivedi/.m2/repository/com/fasterxml/jackson/core/jackson-annotations/2.13.3/jackson-annotations-2.13.3.jar:/Users/nikhar.trivedi/.m2/repository/com/fasterxml/jackson/core/jackson-core/2.13.3/jackson-core-2.13.3.jar:/Users/nikhar.trivedi/.m2/repository/commons-lang/commons-lang/2.6/commons-lang-2.6.jar:"/>
    <property name="sun.cpu.endian" value="little"/>
    <property name="user.home" value="/Users/nikhar.trivedi"/>
    <property name="user.language" value="en"/>
    <property name="java.specification.vendor" value="Oracle Corporation"/>
    <property name="java.version.date" value="2022-08-12"/>
    <property name="java.home" value="/Users/nikhar.trivedi/Library/Java/JavaVirtualMachines/liberica-11.0.16.1"/>
    <property name="file.separator" value="/"/>
    <property name="basedir" value="/Users/nikhar.trivedi/Downloads/ViaCom"/>
    <property name="java.vm.compressedOopsMode" value="Zero based"/>
    <property name="line.separator" value="&#10;"/>
    <property name="java.specification.name" value="Java Platform API Specification"/>
    <property name="java.vm.specification.vendor" value="Oracle Corporation"/>
    <property name="java.awt.graphicsenv" value="sun.awt.CGraphicsEnvironment"/>
    <property name="surefire.real.class.path" value="/Users/nikhar.trivedi/Downloads/ViaCom/target/surefire/surefirebooter13710537109683834750.jar"/>
    <property name="sun.management.compiler" value="HotSpot 64-Bit Tiered Compilers"/>
    <property name="ftp.nonProxyHosts" value="local|*.local|169.254/16|*.169.254/16"/>
    <property name="java.runtime.version" value="11.0.16.1+1-LTS"/>
    <property name="user.name" value="nikhar.trivedi"/>
    <property name="path.separator" value=":"/>
    <property name="os.version" value="14.1.2"/>
    <property name="java.runtime.name" value="OpenJDK Runtime Environment"/>
    <property name="file.encoding" value="US-ASCII"/>
    <property name="java.vm.name" value="OpenJDK 64-Bit Server VM"/>
    <property name="localRepository" value="/Users/nikhar.trivedi/.m2/repository"/>
    <property name="java.vendor.url.bug" value="https://bell-sw.com/support"/>
    <property name="java.io.tmpdir" value="/var/folders/7t/9m_13hb91fdbnn2mmsv2vbx40000gp/T/"/>
    <property name="idea.version" value="2023.3.6"/>
    <property name="java.version" value="11.0.16.1"/>
    <property name="user.dir" value="/Users/nikhar.trivedi/Downloads/ViaCom"/>
    <property name="os.arch" value="x86_64"/>
    <property name="java.vm.specification.name" value="Java Virtual Machine Specification"/>
    <property name="java.awt.printerjob" value="sun.lwawt.macosx.CPrinterJob"/>
    <property name="sun.os.patch.level" value="unknown"/>
    <property name="java.library.path" value="/Users/nikhar.trivedi/Library/Java/Extensions:/Library/Java/Extensions:/Network/Library/Java/Extensions:/System/Library/Java/Extensions:/usr/lib/java:."/>
    <property name="java.vm.info" value="mixed mode"/>
    <property name="java.vendor" value="BellSoft"/>
    <property name="java.vm.version" value="11.0.16.1+1-LTS"/>
    <property name="sun.io.unicode.encoding" value="UnicodeBig"/>
    <property name="java.class.version" value="55.0"/>
    <property name="socksNonProxyHosts" value="local|*.local|169.254/16|*.169.254/16"/>
  </properties>
  <testcase name="accessProductByCategoryAndFilterTest" classname="tests.EbayTest" time="25.435">
    <system-out><![CDATA[Applied Condition filter
Applied Price filter
Applied Location filter
Condition, Location and Price Filter Got Selected
Condition, Location and Price Filters Got applied successfully and validated
]]></system-out>
    <system-err><![CDATA[SLF4J: Failed to load class "org.slf4j.impl.StaticLoggerBinder".
SLF4J: Defaulting to no-operation (NOP) logger implementation
SLF4J: See http://www.slf4j.org/codes.html#StaticLoggerBinder for further details.
Starting ChromeDriver 126.0.6478.126 (d36ace6122e0a59570e258d82441395206d60e1c-refs/branch-heads/6478@{#1591}) on port 32780
Only local connections are allowed.
Please see https://chromedriver.chromium.org/security-considerations for suggestions on keeping ChromeDriver safe.
ChromeDriver was started successfully.
Jul 20, 2024 4:22:52 AM org.openqa.selenium.remote.ProtocolHandshake createSession
INFO: Detected dialect: W3C
]]></system-err>
  </testcase>
  <testcase name="accessProductBySearchTest" classname="tests.EbayTest" time="3.838">
    <system-out><![CDATA[Searched for mobile and clicked on Search button
First search result displaying product successfully
]]></system-out>
    <system-err><![CDATA[Starting ChromeDriver 126.0.6478.126 (d36ace6122e0a59570e258d82441395206d60e1c-refs/branch-heads/6478@{#1591}) on port 40261
Only local connections are allowed.
Please see https://chromedriver.chromium.org/security-considerations for suggestions on keeping ChromeDriver safe.
ChromeDriver was started successfully.
Jul 20, 2024 4:23:23 AM org.openqa.selenium.remote.ProtocolHandshake createSession
INFO: Detected dialect: W3C
]]></system-err>
  </testcase>
</testsuite>