<?xml version="1.0" encoding="UTF-8"?>
<!-- Generated by org.testng.reporters.JUnitReportReporter -->
<testsuite hostname="nikhar.trivedi" failures="0" tests="2" name="tests.EbayTest" time="39.781" errors="0" timestamp="2024-07-20T04:23:31 IST" skipped="0">
  <testcase classname="tests.EbayTest" name="accessProductBySearchTest" time="10.055"/>
  <system-out>
    <![CDATA[Searched for mobile and clicked on Search button
First search result displaying product successfully]]>
  </system-out>
  <testcase classname="tests.EbayTest" name="accessProductByCategoryAndFilterTest" time="29.726"/>
  <system-out>
    <![CDATA[Applied Condition filter
Applied Price filter
Applied Location filter
Condition, Location and Price Filter Got Selected
Condition, Location and Price Filters Got applied successfully and validated]]>
  </system-out>
</testsuite> <!-- tests.EbayTest -->
